<?xml version="1.0" encoding="UTF-8"?>
<!-- Generated by org.testng.reporters.JUnitXMLReporter -->
<testsuite hostname="ALIPL5119" name="Test(failed)" tests="2" failures="1" timestamp="15 Mar 2020 06:14:56 GMT" time="0.035" errors="0">
  <testcase name="test3" time="0.013" classname="com.webdriver.TestCaseC"/>
  <testcase name="test2" time="0.002" classname="com.webdriver.TestCaseB">
    <failure type="java.lang.AssertionError">
      <![CDATA[java.lang.AssertionError
	at org.junit.Assert.fail(Assert.java:86)
	at org.junit.Assert.assertTrue(Assert.java:41)
	at org.junit.Assert.assertTrue(Assert.java:52)
	at com.webdriver.TestCaseB.test2(TestCaseB.java:10)
... Removed 24 stack frames]]>
    </failure>
  </testcase> <!-- test2 -->
</testsuite> <!-- Test(failed) -->
